<?xml version="1.0" encoding="UTF-8"?>
<!-- Generated by org.testng.reporters.JUnitReportReporter -->
<testsuite skipped="0" hostname="DESKTOP-7UJB05T" name="seleniumframework_oct.Search" tests="2" failures="0" timestamp="01 Nov 2019 09:48:10 GMT" time="4.937" errors="0">
  <testcase name="enterTextTest" time="2.595" classname="seleniumframework_oct.Search"/>
  <testcase name="verifyTitleTest" time="2.342" classname="seleniumframework_oct.Search"/>
</testsuite> <!-- seleniumframework_oct.Search -->
