<?xml version="1.0" encoding="UTF-8"?>
<!-- Generated by org.testng.reporters.JUnitReportReporter -->
<testsuite skipped="0" hostname="DESKTOP-7UJB05T" name="seleniumframework_oct.LoginTest" tests="1" failures="0" timestamp="20 Nov 2019 11:15:11 GMT" time="8.410" errors="0">
  <testcase name="setUp" time="8.410" classname="seleniumframework_oct.LoginTest"/>
</testsuite> <!-- seleniumframework_oct.LoginTest -->
